Wed May 28 14:13:39 MDT 2025

Inactive Modules:
  1) antlr/2.7.7             33) numactl/2.0.14                65) py-nest-asyncio/1.6.0         97) python-venv/1.0
  2) c-blosc/1.21.5          34) opa-psm2/11.2.230             66) py-netcdf4/1.6.5              98) python/3.11.7
  3) cdo/2.4.3               35) openjpeg/2.3.1                67) py-numpy/1.26.4               99) qt/5.15.14
  4) curl/8.7.1              36) openmpi/4.1.6                 68) py-packaging/23.1            100) r-class/7.3-21
  5) eccodes/2.34.0          37) openssh/9.8p1                 69) py-pandas/2.2.3              101) r-classint/0.4-9
  6) expat/2.6.2             38) openssl/3.3.1                 70) py-parso/0.8.3               102) r-dbi/1.1.3
  7) fftw/3.3.10             39) p7zip/17.05                   71) py-pexpect/4.8.0             103) r-e1071/1.7-13
  8) gcc-runtime/14.2.0      40) proj/9.4.1                    72) py-pillow/10.4.0             104) r-exactextractr/0.10.0
  9) gcc/14.2.0              41) py-asttokens/2.4.0            73) py-platformdirs/3.10.0       105) r-kernsmooth/2.23-20
 10) gdal/3.9.2              42) py-cdo/1.5.6                  74) py-prompt-toolkit/3.0.43     106) r-lattice/0.21-8
 11) geos/3.12.2             43) py-certifi/2023.7.22          75) py-psutil/5.9.5              107) r-magrittr/2.0.3
 12) glibc/2.28              44) py-cffi/1.16.0                76) py-ptyprocess/0.7.0          108) r-mass/7.3-59
 13) gsl/2.7.1               45) py-cftime/1.0.3.4             77) py-pure-eval/0.2.2           109) r-proxy/0.4-27
 14) hdf5/1.14.3             46) py-comm/0.1.4                 78) py-pycparser/2.21            110) r-raster/3.6-20
 15) htop/3.3.0              47) py-contourpy/1.0.7            79) py-pygments/2.18.0           111) r-rcpp/1.0.12
 16) krb5/1.21.2             48) py-cycler/0.11.0              80) py-pyparsing/3.1.2           112) r-s2/1.1.2
 17) libaec/1.0.6            49) py-cython/3.0.10              81) py-pyqt5-sip/12.13.0         113) r-sf/1.0-12
 18) libbsd/0.12.2           50) py-debugpy/1.6.7              82) py-pyqt5/5.15.9              114) r-sp/1.6-0
 19) libedit/3.1-20230828    51) py-decorator/5.1.1            83) py-python-dateutil/2.8.2     115) r-terra/1.8-10
 20) libevent/2.1.12         52) py-executing/1.2.0            84) py-pytz/2023.3               116) r-units/0.8-1
 21) libffi/3.4.6            53) py-fonttools/4.39.4           85) py-pyzmq/25.0.2              117) r-wk/0.7.2
 22) libidn2/2.3.7           54) py-gevent/23.7.0              86) py-setuptools/69.2.0         118) r/4.4.1
 23) libjpeg-turbo/3.0.3     55) py-greenlet/2.0.2             87) py-six/1.16.0                119) slurm/24.11.0-1
 24) libmd/1.0.4             56) py-ipykernel/6.29.5           88) py-stack-data/0.6.2          120) snappy/1.1.10
 25) libtiff/4.6.0           57) py-ipython/8.28.0             89) py-tornado/6.3.3             121) sqlite/3.46.0
 26) libunistring/1.2        58) py-jedi/0.18.2                90) py-traitlets/5.14.3          122) tree/2.1.0
 27) libxcrypt/4.4.35        59) py-jupyter-client/8.2.0       91) py-typing-extensions/4.8.0   123) ucx/1.17.0
 28) lz4/1.9.4               60) py-jupyter-core/5.3.0         92) py-tzdata/2023.3             124) udunits/2.2.28
 29) nco/5.2.4               61) py-kiwisolver/1.4.5           93) py-wcwidth/0.2.7             125) util-linux-uuid/2.40.2
 30) netcdf-c/4.9.2          62) py-matplotlib-inline/0.1.6    94) py-xarray/2024.7.0           126) which/2.21
 31) netcdf-fortran/4.6.1    63) py-matplotlib/3.9.2           95) py-zope-event/4.6
 32) nghttp2/1.62.0          64) py-mpi4py/4.0.0               96) py-zope-interface/5.4.0


Activating Modules:
  1) antlr/2.7.7             33) numactl/2.0.14                65) py-nest-asyncio/1.6.0         97) python-venv/1.0
  2) c-blosc/1.21.5          34) opa-psm2/11.2.230             66) py-netcdf4/1.6.5              98) python/3.11.7
  3) cdo/2.4.3               35) openjpeg/2.3.1                67) py-numpy/1.26.4               99) qt/5.15.14
  4) curl/8.7.1              36) openmpi/4.1.6                 68) py-packaging/23.1            100) r-class/7.3-21
  5) eccodes/2.34.0          37) openssh/9.8p1                 69) py-pandas/2.2.3              101) r-classint/0.4-9
  6) expat/2.6.2             38) openssl/3.3.1                 70) py-parso/0.8.3               102) r-dbi/1.1.3
  7) fftw/3.3.10             39) p7zip/17.05                   71) py-pexpect/4.8.0             103) r-e1071/1.7-13
  8) gcc-runtime/14.2.0      40) proj/9.4.1                    72) py-pillow/10.4.0             104) r-exactextractr/0.10.0
  9) gcc/14.2.0              41) py-asttokens/2.4.0            73) py-platformdirs/3.10.0       105) r-kernsmooth/2.23-20
 10) gdal/3.9.2              42) py-cdo/1.5.6                  74) py-prompt-toolkit/3.0.43     106) r-lattice/0.21-8
 11) geos/3.12.2             43) py-certifi/2023.7.22          75) py-psutil/5.9.5              107) r-magrittr/2.0.3
 12) glibc/2.28              44) py-cffi/1.16.0                76) py-ptyprocess/0.7.0          108) r-mass/7.3-59
 13) gsl/2.7.1               45) py-cftime/1.0.3.4             77) py-pure-eval/0.2.2           109) r-proxy/0.4-27
 14) hdf5/1.14.3             46) py-comm/0.1.4                 78) py-pycparser/2.21            110) r-raster/3.6-20
 15) htop/3.3.0              47) py-contourpy/1.0.7            79) py-pygments/2.18.0           111) r-rcpp/1.0.12
 16) krb5/1.21.2             48) py-cycler/0.11.0              80) py-pyparsing/3.1.2           112) r-s2/1.1.2
 17) libaec/1.0.6            49) py-cython/3.0.10              81) py-pyqt5-sip/12.13.0         113) r-sf/1.0-12
 18) libbsd/0.12.2           50) py-debugpy/1.6.7              82) py-pyqt5/5.15.9              114) r-sp/1.6-0
 19) libedit/3.1-20230828    51) py-decorator/5.1.1            83) py-python-dateutil/2.8.2     115) r-terra/1.8-10
 20) libevent/2.1.12         52) py-executing/1.2.0            84) py-pytz/2023.3               116) r-units/0.8-1
 21) libffi/3.4.6            53) py-fonttools/4.39.4           85) py-pyzmq/25.0.2              117) r-wk/0.7.2
 22) libidn2/2.3.7           54) py-gevent/23.7.0              86) py-setuptools/69.2.0         118) r/4.4.1
 23) libjpeg-turbo/3.0.3     55) py-greenlet/2.0.2             87) py-six/1.16.0                119) slurm/24.11.0-1
 24) libmd/1.0.4             56) py-ipykernel/6.29.5           88) py-stack-data/0.6.2          120) snappy/1.1.10
 25) libtiff/4.6.0           57) py-ipython/8.28.0             89) py-tornado/6.3.3             121) sqlite/3.46.0
 26) libunistring/1.2        58) py-jedi/0.18.2                90) py-traitlets/5.14.3          122) tree/2.1.0
 27) libxcrypt/4.4.35        59) py-jupyter-client/8.2.0       91) py-typing-extensions/4.8.0   123) ucx/1.17.0
 28) lz4/1.9.4               60) py-jupyter-core/5.3.0         92) py-tzdata/2023.3             124) udunits/2.2.28
 29) nco/5.2.4               61) py-kiwisolver/1.4.5           93) py-wcwidth/0.2.7             125) util-linux-uuid/2.40.2
 30) netcdf-c/4.9.2          62) py-matplotlib-inline/0.1.6    94) py-xarray/2024.7.0           126) which/2.21
 31) netcdf-fortran/4.6.1    63) py-matplotlib/3.9.2           95) py-zope-event/4.6
 32) nghttp2/1.62.0          64) py-mpi4py/4.0.0               96) py-zope-interface/5.4.0

35141201

Inactive Modules:
  1) antlr/2.7.7             33) numactl/2.0.14                65) py-nest-asyncio/1.6.0         97) python-venv/1.0
  2) c-blosc/1.21.5          34) opa-psm2/11.2.230             66) py-netcdf4/1.6.5              98) python/3.11.7
  3) cdo/2.4.3               35) openjpeg/2.3.1                67) py-numpy/1.26.4               99) qt/5.15.14
  4) curl/8.7.1              36) openmpi/4.1.6                 68) py-packaging/23.1            100) r-class/7.3-21
  5) eccodes/2.34.0          37) openssh/9.8p1                 69) py-pandas/2.2.3              101) r-classint/0.4-9
  6) expat/2.6.2             38) openssl/3.3.1                 70) py-parso/0.8.3               102) r-dbi/1.1.3
  7) fftw/3.3.10             39) p7zip/17.05                   71) py-pexpect/4.8.0             103) r-e1071/1.7-13
  8) gcc-runtime/14.2.0      40) proj/9.4.1                    72) py-pillow/10.4.0             104) r-exactextractr/0.10.0
  9) gcc/14.2.0              41) py-asttokens/2.4.0            73) py-platformdirs/3.10.0       105) r-kernsmooth/2.23-20
 10) gdal/3.9.2              42) py-cdo/1.5.6                  74) py-prompt-toolkit/3.0.43     106) r-lattice/0.21-8
 11) geos/3.12.2             43) py-certifi/2023.7.22          75) py-psutil/5.9.5              107) r-magrittr/2.0.3
 12) glibc/2.28              44) py-cffi/1.16.0                76) py-ptyprocess/0.7.0          108) r-mass/7.3-59
 13) gsl/2.7.1               45) py-cftime/1.0.3.4             77) py-pure-eval/0.2.2           109) r-proxy/0.4-27
 14) hdf5/1.14.3             46) py-comm/0.1.4                 78) py-pycparser/2.21            110) r-raster/3.6-20
 15) htop/3.3.0              47) py-contourpy/1.0.7            79) py-pygments/2.18.0           111) r-rcpp/1.0.12
 16) krb5/1.21.2             48) py-cycler/0.11.0              80) py-pyparsing/3.1.2           112) r-s2/1.1.2
 17) libaec/1.0.6            49) py-cython/3.0.10              81) py-pyqt5-sip/12.13.0         113) r-sf/1.0-12
 18) libbsd/0.12.2           50) py-debugpy/1.6.7              82) py-pyqt5/5.15.9              114) r-sp/1.6-0
 19) libedit/3.1-20230828    51) py-decorator/5.1.1            83) py-python-dateutil/2.8.2     115) r-terra/1.8-10
 20) libevent/2.1.12         52) py-executing/1.2.0            84) py-pytz/2023.3               116) r-units/0.8-1
 21) libffi/3.4.6            53) py-fonttools/4.39.4           85) py-pyzmq/25.0.2              117) r-wk/0.7.2
 22) libidn2/2.3.7           54) py-gevent/23.7.0              86) py-setuptools/69.2.0         118) r/4.4.1
 23) libjpeg-turbo/3.0.3     55) py-greenlet/2.0.2             87) py-six/1.16.0                119) slurm/24.11.0-1
 24) libmd/1.0.4             56) py-ipykernel/6.29.5           88) py-stack-data/0.6.2          120) snappy/1.1.10
 25) libtiff/4.6.0           57) py-ipython/8.28.0             89) py-tornado/6.3.3             121) sqlite/3.46.0
 26) libunistring/1.2        58) py-jedi/0.18.2                90) py-traitlets/5.14.3          122) tree/2.1.0
 27) libxcrypt/4.4.35        59) py-jupyter-client/8.2.0       91) py-typing-extensions/4.8.0   123) ucx/1.17.0
 28) lz4/1.9.4               60) py-jupyter-core/5.3.0         92) py-tzdata/2023.3             124) udunits/2.2.28
 29) nco/5.2.4               61) py-kiwisolver/1.4.5           93) py-wcwidth/0.2.7             125) util-linux-uuid/2.40.2
 30) netcdf-c/4.9.2          62) py-matplotlib-inline/0.1.6    94) py-xarray/2024.7.0           126) which/2.21
 31) netcdf-fortran/4.6.1    63) py-matplotlib/3.9.2           95) py-zope-event/4.6
 32) nghttp2/1.62.0          64) py-mpi4py/4.0.0               96) py-zope-interface/5.4.0


Activating Modules:
  1) antlr/2.7.7             33) numactl/2.0.14                65) py-nest-asyncio/1.6.0         97) python-venv/1.0
  2) c-blosc/1.21.5          34) opa-psm2/11.2.230             66) py-netcdf4/1.6.5              98) python/3.11.7
  3) cdo/2.4.3               35) openjpeg/2.3.1                67) py-numpy/1.26.4               99) qt/5.15.14
  4) curl/8.7.1              36) openmpi/4.1.6                 68) py-packaging/23.1            100) r-class/7.3-21
  5) eccodes/2.34.0          37) openssh/9.8p1                 69) py-pandas/2.2.3              101) r-classint/0.4-9
  6) expat/2.6.2             38) openssl/3.3.1                 70) py-parso/0.8.3               102) r-dbi/1.1.3
  7) fftw/3.3.10             39) p7zip/17.05                   71) py-pexpect/4.8.0             103) r-e1071/1.7-13
  8) gcc-runtime/14.2.0      40) proj/9.4.1                    72) py-pillow/10.4.0             104) r-exactextractr/0.10.0
  9) gcc/14.2.0              41) py-asttokens/2.4.0            73) py-platformdirs/3.10.0       105) r-kernsmooth/2.23-20
 10) gdal/3.9.2              42) py-cdo/1.5.6                  74) py-prompt-toolkit/3.0.43     106) r-lattice/0.21-8
 11) geos/3.12.2             43) py-certifi/2023.7.22          75) py-psutil/5.9.5              107) r-magrittr/2.0.3
 12) glibc/2.28              44) py-cffi/1.16.0                76) py-ptyprocess/0.7.0          108) r-mass/7.3-59
 13) gsl/2.7.1               45) py-cftime/1.0.3.4             77) py-pure-eval/0.2.2           109) r-proxy/0.4-27
 14) hdf5/1.14.3             46) py-comm/0.1.4                 78) py-pycparser/2.21            110) r-raster/3.6-20
 15) htop/3.3.0              47) py-contourpy/1.0.7            79) py-pygments/2.18.0           111) r-rcpp/1.0.12
 16) krb5/1.21.2             48) py-cycler/0.11.0              80) py-pyparsing/3.1.2           112) r-s2/1.1.2
 17) libaec/1.0.6            49) py-cython/3.0.10              81) py-pyqt5-sip/12.13.0         113) r-sf/1.0-12
 18) libbsd/0.12.2           50) py-debugpy/1.6.7              82) py-pyqt5/5.15.9              114) r-sp/1.6-0
 19) libedit/3.1-20230828    51) py-decorator/5.1.1            83) py-python-dateutil/2.8.2     115) r-terra/1.8-10
 20) libevent/2.1.12         52) py-executing/1.2.0            84) py-pytz/2023.3               116) r-units/0.8-1
 21) libffi/3.4.6            53) py-fonttools/4.39.4           85) py-pyzmq/25.0.2              117) r-wk/0.7.2
 22) libidn2/2.3.7           54) py-gevent/23.7.0              86) py-setuptools/69.2.0         118) r/4.4.1
 23) libjpeg-turbo/3.0.3     55) py-greenlet/2.0.2             87) py-six/1.16.0                119) slurm/24.11.0-1
 24) libmd/1.0.4             56) py-ipykernel/6.29.5           88) py-stack-data/0.6.2          120) snappy/1.1.10
 25) libtiff/4.6.0           57) py-ipython/8.28.0             89) py-tornado/6.3.3             121) sqlite/3.46.0
 26) libunistring/1.2        58) py-jedi/0.18.2                90) py-traitlets/5.14.3          122) tree/2.1.0
 27) libxcrypt/4.4.35        59) py-jupyter-client/8.2.0       91) py-typing-extensions/4.8.0   123) ucx/1.17.0
 28) lz4/1.9.4               60) py-jupyter-core/5.3.0         92) py-tzdata/2023.3             124) udunits/2.2.28
 29) nco/5.2.4               61) py-kiwisolver/1.4.5           93) py-wcwidth/0.2.7             125) util-linux-uuid/2.40.2
 30) netcdf-c/4.9.2          62) py-matplotlib-inline/0.1.6    94) py-xarray/2024.7.0           126) which/2.21
 31) netcdf-fortran/4.6.1    63) py-matplotlib/3.9.2           95) py-zope-event/4.6
 32) nghttp2/1.62.0          64) py-mpi4py/4.0.0               96) py-zope-interface/5.4.0

35141206

Inactive Modules:
  1) antlr/2.7.7             33) numactl/2.0.14                65) py-nest-asyncio/1.6.0         97) python-venv/1.0
  2) c-blosc/1.21.5          34) opa-psm2/11.2.230             66) py-netcdf4/1.6.5              98) python/3.11.7
  3) cdo/2.4.3               35) openjpeg/2.3.1                67) py-numpy/1.26.4               99) qt/5.15.14
  4) curl/8.7.1              36) openmpi/4.1.6                 68) py-packaging/23.1            100) r-class/7.3-21
  5) eccodes/2.34.0          37) openssh/9.8p1                 69) py-pandas/2.2.3              101) r-classint/0.4-9
  6) expat/2.6.2             38) openssl/3.3.1                 70) py-parso/0.8.3               102) r-dbi/1.1.3
  7) fftw/3.3.10             39) p7zip/17.05                   71) py-pexpect/4.8.0             103) r-e1071/1.7-13
  8) gcc-runtime/14.2.0      40) proj/9.4.1                    72) py-pillow/10.4.0             104) r-exactextractr/0.10.0
  9) gcc/14.2.0              41) py-asttokens/2.4.0            73) py-platformdirs/3.10.0       105) r-kernsmooth/2.23-20
 10) gdal/3.9.2              42) py-cdo/1.5.6                  74) py-prompt-toolkit/3.0.43     106) r-lattice/0.21-8
 11) geos/3.12.2             43) py-certifi/2023.7.22          75) py-psutil/5.9.5              107) r-magrittr/2.0.3
 12) glibc/2.28              44) py-cffi/1.16.0                76) py-ptyprocess/0.7.0          108) r-mass/7.3-59
 13) gsl/2.7.1               45) py-cftime/1.0.3.4             77) py-pure-eval/0.2.2           109) r-proxy/0.4-27
 14) hdf5/1.14.3             46) py-comm/0.1.4                 78) py-pycparser/2.21            110) r-raster/3.6-20
 15) htop/3.3.0              47) py-contourpy/1.0.7            79) py-pygments/2.18.0           111) r-rcpp/1.0.12
 16) krb5/1.21.2             48) py-cycler/0.11.0              80) py-pyparsing/3.1.2           112) r-s2/1.1.2
 17) libaec/1.0.6            49) py-cython/3.0.10              81) py-pyqt5-sip/12.13.0         113) r-sf/1.0-12
 18) libbsd/0.12.2           50) py-debugpy/1.6.7              82) py-pyqt5/5.15.9              114) r-sp/1.6-0
 19) libedit/3.1-20230828    51) py-decorator/5.1.1            83) py-python-dateutil/2.8.2     115) r-terra/1.8-10
 20) libevent/2.1.12         52) py-executing/1.2.0            84) py-pytz/2023.3               116) r-units/0.8-1
 21) libffi/3.4.6            53) py-fonttools/4.39.4           85) py-pyzmq/25.0.2              117) r-wk/0.7.2
 22) libidn2/2.3.7           54) py-gevent/23.7.0              86) py-setuptools/69.2.0         118) r/4.4.1
 23) libjpeg-turbo/3.0.3     55) py-greenlet/2.0.2             87) py-six/1.16.0                119) slurm/24.11.0-1
 24) libmd/1.0.4             56) py-ipykernel/6.29.5           88) py-stack-data/0.6.2          120) snappy/1.1.10
 25) libtiff/4.6.0           57) py-ipython/8.28.0             89) py-tornado/6.3.3             121) sqlite/3.46.0
 26) libunistring/1.2        58) py-jedi/0.18.2                90) py-traitlets/5.14.3          122) tree/2.1.0
 27) libxcrypt/4.4.35        59) py-jupyter-client/8.2.0       91) py-typing-extensions/4.8.0   123) ucx/1.17.0
 28) lz4/1.9.4               60) py-jupyter-core/5.3.0         92) py-tzdata/2023.3             124) udunits/2.2.28
 29) nco/5.2.4               61) py-kiwisolver/1.4.5           93) py-wcwidth/0.2.7             125) util-linux-uuid/2.40.2
 30) netcdf-c/4.9.2          62) py-matplotlib-inline/0.1.6    94) py-xarray/2024.7.0           126) which/2.21
 31) netcdf-fortran/4.6.1    63) py-matplotlib/3.9.2           95) py-zope-event/4.6
 32) nghttp2/1.62.0          64) py-mpi4py/4.0.0               96) py-zope-interface/5.4.0


Activating Modules:
  1) antlr/2.7.7             33) numactl/2.0.14                65) py-nest-asyncio/1.6.0         97) python-venv/1.0
  2) c-blosc/1.21.5          34) opa-psm2/11.2.230             66) py-netcdf4/1.6.5              98) python/3.11.7
  3) cdo/2.4.3               35) openjpeg/2.3.1                67) py-numpy/1.26.4               99) qt/5.15.14
  4) curl/8.7.1              36) openmpi/4.1.6                 68) py-packaging/23.1            100) r-class/7.3-21
  5) eccodes/2.34.0          37) openssh/9.8p1                 69) py-pandas/2.2.3              101) r-classint/0.4-9
  6) expat/2.6.2             38) openssl/3.3.1                 70) py-parso/0.8.3               102) r-dbi/1.1.3
  7) fftw/3.3.10             39) p7zip/17.05                   71) py-pexpect/4.8.0             103) r-e1071/1.7-13
  8) gcc-runtime/14.2.0      40) proj/9.4.1                    72) py-pillow/10.4.0             104) r-exactextractr/0.10.0
  9) gcc/14.2.0              41) py-asttokens/2.4.0            73) py-platformdirs/3.10.0       105) r-kernsmooth/2.23-20
 10) gdal/3.9.2              42) py-cdo/1.5.6                  74) py-prompt-toolkit/3.0.43     106) r-lattice/0.21-8
 11) geos/3.12.2             43) py-certifi/2023.7.22          75) py-psutil/5.9.5              107) r-magrittr/2.0.3
 12) glibc/2.28              44) py-cffi/1.16.0                76) py-ptyprocess/0.7.0          108) r-mass/7.3-59
 13) gsl/2.7.1               45) py-cftime/1.0.3.4             77) py-pure-eval/0.2.2           109) r-proxy/0.4-27
 14) hdf5/1.14.3             46) py-comm/0.1.4                 78) py-pycparser/2.21            110) r-raster/3.6-20
 15) htop/3.3.0              47) py-contourpy/1.0.7            79) py-pygments/2.18.0           111) r-rcpp/1.0.12
 16) krb5/1.21.2             48) py-cycler/0.11.0              80) py-pyparsing/3.1.2           112) r-s2/1.1.2
 17) libaec/1.0.6            49) py-cython/3.0.10              81) py-pyqt5-sip/12.13.0         113) r-sf/1.0-12
 18) libbsd/0.12.2           50) py-debugpy/1.6.7              82) py-pyqt5/5.15.9              114) r-sp/1.6-0
 19) libedit/3.1-20230828    51) py-decorator/5.1.1            83) py-python-dateutil/2.8.2     115) r-terra/1.8-10
 20) libevent/2.1.12         52) py-executing/1.2.0            84) py-pytz/2023.3               116) r-units/0.8-1
 21) libffi/3.4.6            53) py-fonttools/4.39.4           85) py-pyzmq/25.0.2              117) r-wk/0.7.2
 22) libidn2/2.3.7           54) py-gevent/23.7.0              86) py-setuptools/69.2.0         118) r/4.4.1
 23) libjpeg-turbo/3.0.3     55) py-greenlet/2.0.2             87) py-six/1.16.0                119) slurm/24.11.0-1
 24) libmd/1.0.4             56) py-ipykernel/6.29.5           88) py-stack-data/0.6.2          120) snappy/1.1.10
 25) libtiff/4.6.0           57) py-ipython/8.28.0             89) py-tornado/6.3.3             121) sqlite/3.46.0
 26) libunistring/1.2        58) py-jedi/0.18.2                90) py-traitlets/5.14.3          122) tree/2.1.0
 27) libxcrypt/4.4.35        59) py-jupyter-client/8.2.0       91) py-typing-extensions/4.8.0   123) ucx/1.17.0
 28) lz4/1.9.4               60) py-jupyter-core/5.3.0         92) py-tzdata/2023.3             124) udunits/2.2.28
 29) nco/5.2.4               61) py-kiwisolver/1.4.5           93) py-wcwidth/0.2.7             125) util-linux-uuid/2.40.2
 30) netcdf-c/4.9.2          62) py-matplotlib-inline/0.1.6    94) py-xarray/2024.7.0           126) which/2.21
 31) netcdf-fortran/4.6.1    63) py-matplotlib/3.9.2           95) py-zope-event/4.6
 32) nghttp2/1.62.0          64) py-mpi4py/4.0.0               96) py-zope-interface/5.4.0

35141207
Submitted batch job 35141211
